2023-12-17 02:30:24,539 [INFO]: Создан новый пользователь: Jake
2023-12-17 02:30:36,426 [INFO]: Пользователь Jake внес на счет 1000.0. Новый баланс: 1000.0
2023-12-17 02:39:11,756 [INFO]: Пользователь Jake внес на счет 1700.0. Новый баланс: 2700.0
2023-12-17 02:39:18,187 [INFO]: Пользователь вошел в систему: Jake
2023-12-17 02:39:31,139 [INFO]: Пользователь Jake снял со счета 200.0. Новый баланс: 2500.0
2023-12-17 02:55:13,945 [INFO]: Создан новый пользователь: Mike
2023-12-17 02:57:29,513 [INFO]: Создан новый пользователь: John
2023-12-17 02:57:44,148 [INFO]: Пользователь John внес на счет 100000.0. Новый баланс: 100000.0
2023-12-17 02:58:31,768 [INFO]: Создан новый пользователь: Jake
2023-12-17 02:58:39,354 [INFO]: Пользователь Jake внес на счет 10000.0. Новый баланс: 10000.0
2023-12-17 02:59:01,764 [INFO]: Пользователь Jake внес на счет 100000.0. Новый баланс: 100000.0
2023-12-17 03:00:15,143 [INFO]: Пользователь Jake снял со счета 2000.0. Новый баланс: 98000.0
2023-12-17 03:01:45,807 [INFO]: Пользователь Jake внес на счет 10000.0. Новый баланс: 108000.0
2023-12-17 03:01:54,033 [INFO]: Пользователь Jake снял со счета 20000.0. Новый баланс: 88000.0
2023-12-17 13:51:48,216 [INFO]: Пользователь Jake внес на счет 3000.0. Новый баланс: 91000.0
2023-12-17 13:51:55,344 [ERROR]: Ошибка при получении данных о курсах валют.
2023-12-17 13:56:44,384 [ERROR]: Ошибка при получении данных о курсах валют.
2023-12-17 14:04:39,388 [ERROR]: Ошибка при получении курса конвертации для валюты: None
2023-12-17 14:11:01,699 [INFO]: Пользователь Jake внес на счет 1000.0. Новый баланс: 92000.0
2023-12-17 14:11:10,842 [INFO]: Пользователь Jake сконвертировал 1000.0 KZT в 4556.30 USD
2023-12-17 14:15:43,368 [INFO]: Пользователь Jake сконвертировал 1000.0 KZT в 1000.00 USD
2023-12-17 14:20:03,838 [INFO]: Пользователь Jake сконвертировал 1000.0 USD в 98418.60 EUR
2023-12-17 14:21:17,841 [ERROR]: Ошибка при получении курса конвертации для валюты: RUB
2023-12-17 14:21:30,101 [INFO]: Пользователь Jake сконвертировал 1000.0 KZT в 89696.60 USD
2023-12-17 14:31:51,551 [INFO]: Пользователь Jake сконвертировал 1000.0 USD в 1000.00 USD
2023-12-17 14:32:13,877 [INFO]: Пользователь Jake сконвертировал 1000.0 KZT в 1000.00 USD
2023-12-17 14:32:58,650 [INFO]: Пользователь Jake сконвертировал 1000.0 KZT в 2.19 USD
2023-12-17 14:33:11,516 [INFO]: Пользователь Jake сконвертировал 1000.0 KZT в 196.55 RUB
2023-12-19 22:34:35,068 [INFO]: Создан новый пользователь: Ayla
2023-12-19 22:35:14,797 [INFO]: Пользователь Ayla внес на счет 10000.0. Новый баланс: 10000.0
2023-12-19 22:35:20,683 [INFO]: Пользователь Ayla снял со счета 1000.0. Новый баланс: 9000.0
2023-12-19 22:36:04,276 [INFO]: Пользователь Ayla сконвертировал 1000.0 KZT в 2.18 USD
2023-12-19 22:36:23,094 [INFO]: Пользователь Ayla сконвертировал 2000.0 KZT в 3.99 EUR
2023-12-19 22:36:36,247 [INFO]: Пользователь Ayla сконвертировал 2000.0 KZT в 394.36 RUB
2023-12-19 22:36:46,711 [INFO]: Пользователь вошел в систему: Ayla
